<?xml version="1.0" encoding="UTF-8"?>
<testng-results skipped="0" failed="0" ignored="0" total="1" passed="1">
  <reporter-output>
  </reporter-output>
  <suite name="Default suite" duration-ms="22714" started-at="2020-03-12T09:27:35Z" finished-at="2020-03-12T09:27:58Z">
    <groups>
    </groups>
    <test name="Default test" duration-ms="22714" started-at="2020-03-12T09:27:35Z" finished-at="2020-03-12T09:27:58Z">
      <class name="com.training.sanity.tests.CYTC_033ViewLoanTest">
        <test-method status="PASS" signature="setUpBeforeClass()[pri:0, instance:com.training.sanity.tests.CYTC_033ViewLoanTest@5c7fa833]" name="setUpBeforeClass" is-config="true" duration-ms="12" started-at="2020-03-12T14:57:35Z" finished-at="2020-03-12T14:57:35Z">
          <reporter-output>
          </reporter-output>
        </test-method> <!-- setUpBeforeClass -->
        <test-method status="PASS" signature="setUp()[pri:0, instance:com.training.sanity.tests.CYTC_033ViewLoanTest@5c7fa833]" name="setUp" is-config="true" duration-ms="11850" started-at="2020-03-12T14:57:35Z" finished-at="2020-03-12T14:57:47Z">
          <reporter-output>
          </reporter-output>
        </test-method> <!-- setUp -->
        <test-method status="PASS" signature="validLoginTest()[pri:0, instance:com.training.sanity.tests.CYTC_033ViewLoanTest@5c7fa833]" name="validLoginTest" duration-ms="9819" started-at="2020-03-12T14:57:47Z" finished-at="2020-03-12T14:57:57Z">
          <reporter-output>
          </reporter-output>
        </test-method> <!-- validLoginTest -->
        <test-method status="PASS" signature="tearDown()[pri:0, instance:com.training.sanity.tests.CYTC_033ViewLoanTest@5c7fa833]" name="tearDown" is-config="true" duration-ms="1001" started-at="2020-03-12T14:57:57Z" finished-at="2020-03-12T14:57:58Z">
          <reporter-output>
          </reporter-output>
        </test-method> <!-- tearDown -->
      </class> <!-- com.training.sanity.tests.CYTC_033ViewLoanTest -->
    </test> <!-- Default test -->
  </suite> <!-- Default suite -->
</testng-results>
